<?xml version="1.0" encoding="UTF-8"?>
<!-- Generated by org.testng.reporters.JUnitReportReporter -->
<testsuite skipped="0" hostname="LAPTOP-5NF042AS" name="ScrollIntoView_____MukeshOtwani.ScrollIntoViewProgram" tests="1" failures="0" timestamp="25 Mar 2021 12:39:43 GMT" time="8.126" errors="0">
  <testcase name="scrolling" time="8.126" classname="ScrollIntoView_____MukeshOtwani.ScrollIntoViewProgram"/>
</testsuite> <!-- ScrollIntoView_____MukeshOtwani.ScrollIntoViewProgram -->
